[debug] [2021-05-20T13:57:01.626Z] ----------------------------------------------------------------------
[debug] [2021-05-20T13:57:01.629Z] Command:       C:\Program Files\nodejs\node.exe C:\Users\MaxSm\AppData\Roaming\npm\node_modules\firebase-tools\lib\bin\firebase.js init
[debug] [2021-05-20T13:57:01.629Z] CLI Version:   9.6.1
[debug] [2021-05-20T13:57:01.629Z] Platform:      win32
[debug] [2021-05-20T13:57:01.630Z] Node Version:  v16.0.0
[debug] [2021-05-20T13:57:01.634Z] Time:          Thu May 20 2021 16:57:01 GMT+0300 (Саудовская Аравия, стандартное время)
[debug] [2021-05-20T13:57:01.635Z] ----------------------------------------------------------------------
[debug] [2021-05-20T13:57:01.635Z] 
[debug] [2021-05-20T13:57:01.640Z] >>> [apiv2][query] GET https://firebase-public.firebaseio.com/cli.json [none]
[debug] [2021-05-20T13:57:01.674Z] > command requires scopes: ["email","openid","https://www.googleapis.com/auth/cloudplatformprojects.readonly","https://www.googleapis.com/auth/firebase","https://www.googleapis.com/auth/cloud-platform"]
[debug] [2021-05-20T13:57:01.675Z] > authorizing via signed-in user
[info] 
     ######## #### ########  ######## ########     ###     ######  ########
     ##        ##  ##     ## ##       ##     ##  ##   ##  ##       ##
     ######    ##  ########  ######   ########  #########  ######  ######
     ##        ##  ##    ##  ##       ##     ## ##     ##       ## ##
     ##       #### ##     ## ######## ########  ##     ##  ######  ########

You're about to initialize a Firebase project in this directory:

  E:\DevEducation\Projects\remote_skrip_app

[debug] [2021-05-20T13:57:02.209Z] <<< [apiv2][status] GET https://firebase-public.firebaseio.com/cli.json 200
[debug] [2021-05-20T13:57:02.209Z] <<< [apiv2][body] GET https://firebase-public.firebaseio.com/cli.json {"cloudBuildErrorAfter":1594252800000,"cloudBuildWarnAfter":1590019200000,"defaultNode10After":1594252800000,"minVersion":"3.0.5","node8DeploysDisabledAfter":1613390400000,"node8RuntimeDisabledAfter":1615809600000,"node8WarnAfter":1600128000000}
